#
# There is insufficient memory for the Java Runtime Environment to continue.
# Native memory allocation (mmap) failed to map 27262976 bytes for Failed to commit area from 0x0000000089a00000 to 0x000000008b400000 of length 27262976.
# Possible reasons:
#   The system is out of physical RAM or swap space
#   The process is running with CompressedOops enabled, and the Java Heap may be blocking the growth of the native heap
# Possible solutions:
#   Reduce memory load on the system
#   Increase physical memory or swap space
#   Check if swap backing store is full
#   Decrease Java heap size (-Xmx/-Xms)
#   Decrease number of Java threads
#   Decrease Java thread stack sizes (-Xss)
#   Set larger code cache with -XX:ReservedCodeCacheSize=
#   JVM is running with Unscaled Compressed Oops mode in which the Java heap is
#     placed in the first 4GB address space. The Java Heap base address is the
#     maximum limit for the native heap growth. Please use -XX:HeapBaseMinAddress
#     to set the Java Heap base and to place the Java Heap above 4GB virtual address.
# This output file may be truncated or incomplete.
#
#  Out of Memory Error (t:/workspace/open/src/hotspot/os/windows/os_windows.cpp:3269), pid=21508, tid=23228
#
# JRE version: Java(TM) SE Runtime Environment (11.0.2+9) (build 11.0.2+9-LTS)
# Java VM: Java HotSpot(TM) 64-Bit Server VM (11.0.2+9-LTS, mixed mode, tiered, compressed oops, g1 gc, windows-amd64)
# No core dump will be written. Minidumps are not enabled by default on client versions of Windows
#

---------------  S U M M A R Y ------------

Command Line: -javaagent:D:\IntelliJ IDEA 2018.3.5\lib\idea_rt.jar=62023:D:\IntelliJ IDEA 2018.3.5\bin -Dfile.encoding=UTF-8 com.example.demo.DemoApplication

Host: Intel(R) Core(TM) i7-8750H CPU @ 2.20GHz, 12 cores, 7G,  Windows 10 , 64 bit Build 14393 (10.0.14393.2906)
Time: Wed Jul  3 20:16:43 2019 ?D1¨²¡À¨º¡Á?¨º¡À?? elapsed time: 2 seconds (0d 0h 0m 2s)

---------------  T H R E A D  ---------------

Current thread (0x000002b61f773800):  VMThread "VM Thread" [stack: 0x000000e771c00000,0x000000e771d00000] [id=23228]

Stack: [0x000000e771c00000,0x000000e771d00000]
[error occurred during error reporting (printing stack bounds), id 0xc0000005, EXCEPTION_ACCESS_VIOLATION (0xc0000005) at pc=0x000002b608270bad]

Native frames: (J=compiled Java code, j=interpreted, Vv=VM code, C=native code)
V  [jvm.dll+0x63574a]
V  [jvm.dll+0x77326f]
V  [jvm.dll+0x77491a]
V  [jvm.dll+0x774f35]
V  [jvm.dll+0x774eeb]
V  [jvm.dll+0x634e56]
V  [jvm.dll+0x635218]
C  [ntdll.dll+0xaa57d]
C  [ntdll.dll+0x3fd23]
C  [ntdll.dll+0xa96ea]
C  0x000002b608270bad

VM_Operation (0x000000e772af9970): CollectForMetadataAllocation, mode: safepoint, requested by thread 0x000002b62125b000


---------------  P R O C E S S  ---------------

Threads class SMR info:
_java_thread_list=0x000002b621b4c030, length=15, elements={
0x000002b67e584800, 0x000002b61f778800, 0x000002b61f779800, 0x000002b620011000,
0x000002b620012000, 0x000002b620014800, 0x000002b620017800, 0x000002b620018800,
0x000002b61f731000, 0x000002b6202d8000, 0x000002b6205c5800, 0x000002b6207e2800,
0x000002b620b84800, 0x000002b62125b000, 0x000002b622dbb000
}

Java Threads: ( => current thread )
  0x000002b67e584800 JavaThread "main" [_thread_blocked, id=364, stack(0x000000e771600000,0x000000e771700000)]
  0x000002b61f778800 JavaThread "Reference Handler" daemon [_thread_blocked, id=13180, stack(0x000000e771d00000,0x000000e771e00000)]
  0x000002b61f779800 JavaThread "Finalizer" daemon [_thread_blocked, id=23020, stack(0x000000e771e00000,0x000000e771f00000)]
  0x000002b620011000 JavaThread "Signal Dispatcher" daemon [_thread_blocked, id=16372, stack(0x000000e771f00000,0x000000e772000000)]
  0x000002b620012000 JavaThread "Attach Listener" daemon [_thread_blocked, id=14600, stack(0x000000e772000000,0x000000e772100000)]
  0x000002b620014800 JavaThread "C2 CompilerThread0" daemon [_thread_blocked, id=15980, stack(0x000000e772100000,0x000000e772200000)]
  0x000002b620017800 JavaThread "C1 CompilerThread0" daemon [_thread_blocked, id=11460, stack(0x000000e772200000,0x000000e772300000)]
  0x000002b620018800 JavaThread "Sweeper thread" daemon [_thread_blocked, id=2728, stack(0x000000e772300000,0x000000e772400000)]
  0x000002b61f731000 JavaThread "Common-Cleaner" daemon [_thread_blocked, id=7932, stack(0x000000e772400000,0x000000e772500000)]
  0x000002b6202d8000 JavaThread "Monitor Ctrl-Break" daemon [_thread_in_native, id=23260, stack(0x000000e772500000,0x000000e772600000)]
  0x000002b6205c5800 JavaThread "Service Thread" daemon [_thread_blocked, id=17448, stack(0x000000e772600000,0x000000e772700000)]
  0x000002b6207e2800 JavaThread "C2 CompilerThread1" daemon [_thread_blocked, id=8904, stack(0x000000e772800000,0x000000e772900000)]
  0x000002b620b84800 JavaThread "Thread-0" [_thread_blocked, id=2604, stack(0x000000e772900000,0x000000e772a00000)]
  0x000002b62125b000 JavaThread "restartedMain" [_thread_blocked, id=20872, stack(0x000000e772a00000,0x000000e772b00000)]
  0x000002b622dbb000 JavaThread "C2 CompilerThread2" daemon [_thread_blocked, id=15024, stack(0x000000e773800000,0x000000e773900000)]

Other Threads:
=>0x000002b61f773800 VMThread "VM Thread" [stack: 0x000000e771c00000,0x000000e771d00000] [id=23228]
  0x000002b6205c6800 WatcherThread [stack: 0x000000e772700000,0x000000e772800000] [id=19916]
  0x000002b67e59b800 GCTaskThread "GC Thread#0" [stack: 0x000000e771700000,0x000000e771800000] [id=15356]
  0x000002b6210b4000 GCTaskThread "GC Thread#1" [stack: 0x000000e772c00000,0x000000e772d00000] [id=22696]
  0x000002b6210b4800 GCTaskThread "GC Thread#2" [stack: 0x000000e772d00000,0x000000e772e00000] [id=4592]
  0x000002b6210b5000 GCTaskThread "GC Thread#3" [stack: 0x000000e772e00000,0x000000e772f00000] [id=21024]
  0x000002b6210b6000 GCTaskThread "GC Thread#4" [stack: 0x000000e772f00000,0x000000e773000000] [id=16788]
  0x000002b6210b6800 GCTaskThread "GC Thread#5" [stack: 0x000000e773000000,0x000000e773100000] [id=20624]
  0x000002b6210b7800 GCTaskThread "GC Thread#6" [stack: 0x000000e773100000,0x000000e773200000] [id=22024]
  0x000002b6210b8800 GCTaskThread "GC Thread#7" [stack: 0x000000e773200000,0x000000e773300000] [id=20676]
  0x000002b621413800 GCTaskThread "GC Thread#8" [stack: 0x000000e773b00000,0x000000e773c00000] [id=13896]
  0x000002b621418000 GCTaskThread "GC Thread#9" [stack: 0x000000e773c00000,0x000000e773d00000] [id=16756]
  0x000002b67e5cd000 ConcurrentGCThread "G1 Main Marker" [stack: 0x000000e771800000,0x000000e771900000] [id=5716]
  0x000002b67e5ce800 ConcurrentGCThread "G1 Conc#0" [stack: 0x000000e771900000,0x000000e771a00000] [id=22272]
  0x000002b621417000 ConcurrentGCThread "G1 Conc#1" [stack: 0x000000e773300000,0x000000e773400000] [id=23092]
  0x000002b621415800 ConcurrentGCThread "G1 Conc#2" [stack: 0x000000e773400000,0x000000e773500000] [id=15264]
  0x000002b61f5d5800 ConcurrentGCThread "G1 Refine#0" [stack: 0x000000e771a00000,0x000000e771b00000] [id=11072]
  0x000002b61f5d6800 ConcurrentGCThread "G1 Young RemSet Sampling" [stack: 0x000000e771b00000,0x000000e771c00000] [id=22572]

Threads with active compile tasks:
C2 CompilerThread03420       4       java.util.Properties::loadConvert (505 bytes)
C2 CompilerThread13417 %     4       java.util.Properties$LineReader::readLine @ 308 (585 bytes)
C2 CompilerThread23165       4       org.springframework.asm.Frame::execute (2305 bytes)

VM state:at safepoint (normal execution)

VM Mutex/Monitor currently owned by a thread:  ([mutex/lock_event])
[0x000002b67e580b60] Threads_lock - owner thread: 0x000002b61f773800
[0x000002b67e581100] Heap_lock - owner thread: 0x000002b62125b000

Heap address: 0x0000000081a00000, size: 2022 MB, Compressed Oops mode: 32-bit
Narrow klass base: 0x0000000000000000, Narrow klass shift: 3
Compressed class space size: 1073741824 Address: 0x0000000100000000

Heap:
 garbage-first heap   total 157696K, used 14672K [0x0000000081a00000, 0x0000000100000000)
  region size 1024K, 5 young (5120K), 5 survivors (5120K)
 Metaspace       used 34986K, capacity 35778K, committed 35964K, reserved 1081344K
  class space    used 4076K, capacity 4389K, committed 4528K, reserved 1048576K
Heap Regions: E=young(eden), S=young(survivor), O=old, HS=humongous(starts), HC=humongous(continues), CS=collection set, F=free, A=archive, TAMS=top-at-mark-start (previous, next)
|   0|0x0000000081a00000, 0x0000000081b00000, 0x0000000081b00000|100%| O|  |TAMS 0x0000000081b00000, 0x0000000081b00000| Untracked 
|   1|0x0000000081b00000, 0x0000000081c00000, 0x0000000081c00000|100%| O|  |TAMS 0x0000000081c00000, 0x0000000081c00000| Untracked 
|   2|0x0000000081c00000, 0x0000000081d00000, 0x0000000081d00000|100%| O|  |TAMS 0x0000000081ce7e00, 0x0000000081d00000| Untracked 
|   3|0x0000000081d00000, 0x0000000081e00000, 0x0000000081e00000|100%| O|  |TAMS 0x0000000081d00000, 0x0000000081e00000| Untracked 
|   4|0x0000000081e00000, 0x0000000081f00000, 0x0000000081f00000|100%| O|  |TAMS 0x0000000081e00000, 0x0000000081f00000| Untracked 
|   5|0x0000000081f00000, 0x0000000082000000, 0x0000000082000000|100%| O|  |TAMS 0x0000000081f00000, 0x0000000082000000| Untracked 
|   6|0x0000000082000000, 0x0000000082100000, 0x0000000082100000|100%| O|  |TAMS 0x0000000082000000, 0x0000000082100000| Untracked 
|   7|0x0000000082100000, 0x0000000082200000, 0x0000000082200000|100%| O|  |TAMS 0x0000000082100000, 0x0000000082200000| Untracked 
|   8|0x0000000082200000, 0x0000000082300000, 0x0000000082300000|100%| O|  |TAMS 0x0000000082200000, 0x0000000082300000| Untracked 
|   9|0x0000000082300000, 0x00000000823a3c00, 0x0000000082400000| 63%| O|  |TAMS 0x0000000082300000, 0x00000000823a3c00| Untracked 
|  10|0x0000000082400000, 0x0000000082400000, 0x0000000082500000|  0%| F|  |TAMS 0x0000000082400000, 0x0000000082400000| Untracked 
|  11|0x0000000082500000, 0x0000000082500000, 0x0000000082600000|  0%| F|  |TAMS 0x0000000082500000, 0x0000000082500000| Untracked 
|  12|0x0000000082600000, 0x0000000082600000, 0x0000000082700000|  0%| F|  |TAMS 0x0000000082600000, 0x0000000082600000| Untracked 
|  13|0x0000000082700000, 0x0000000082700000, 0x0000000082800000|  0%| F|  |TAMS 0x0000000082700000, 0x0000000082700000| Untracked 
|  14|0x0000000082800000, 0x0000000082800000, 0x0000000082900000|  0%| F|  |TAMS 0x0000000082800000, 0x0000000082800000| Untracked 
|  15|0x0000000082900000, 0x0000000082900000, 0x0000000082a00000|  0%| F|  |TAMS 0x0000000082900000, 0x0000000082900000| Untracked 
|  16|0x0000000082a00000, 0x0000000082a00000, 0x0000000082b00000|  0%| F|  |TAMS 0x0000000082a00000, 0x0000000082a00000| Untracked 
|  17|0x0000000082b00000, 0x0000000082b00000, 0x0000000082c00000|  0%| F|  |TAMS 0x0000000082b00000, 0x0000000082b00000| Untracked 
|  18|0x0000000082c00000, 0x0000000082c00000, 0x0000000082d00000|  0%| F|  |TAMS 0x0000000082c00000, 0x0000000082c00000| Untracked 
|  19|0x0000000082d00000, 0x0000000082d00000, 0x0000000082e00000|  0%| F|  |TAMS 0x0000000082d00000, 0x0000000082d00000| Untracked 
|  20|0x0000000082e00000, 0x0000000082e00000, 0x0000000082f00000|  0%| F|  |TAMS 0x0000000082e00000, 0x0000000082e00000| Untracked 
|  21|0x0000000082f00000, 0x0000000082f00000, 0x0000000083000000|  0%| F|  |TAMS 0x0000000082f00000, 0x0000000082f00000| Untracked 
|  22|0x0000000083000000, 0x0000000083000000, 0x0000000083100000|  0%| F|  |TAMS 0x0000000083000000, 0x0000000083000000| Untracked 
|  23|0x0000000083100000, 0x0000000083100000, 0x0000000083200000|  0%| F|  |TAMS 0x0000000083100000, 0x0000000083100000| Untracked 
|  24|0x0000000083200000, 0x0000000083200000, 0x0000000083300000|  0%| F|  |TAMS 0x0000000083200000, 0x0000000083200000| Untracked 
|  25|0x0000000083300000, 0x0000000083300000, 0x0000000083400000|  0%| F|  |TAMS 0x0000000083300000, 0x0000000083300000| Untracked 
|  26|0x0000000083400000, 0x0000000083400000, 0x0000000083500000|  0%| F|  |TAMS 0x0000000083400000, 0x0000000083400000| Untracked 
|  27|0x0000000083500000, 0x0000000083500000, 0x0000000083600000|  0%| F|  |TAMS 0x0000000083500000, 0x0000000083500000| Untracked 
|  28|0x0000000083600000, 0x0000000083600000, 0x0000000083700000|  0%| F|  |TAMS 0x0000000083600000, 0x0000000083600000| Untracked 
|  29|0x0000000083700000, 0x0000000083700000, 0x0000000083800000|  0%| F|  |TAMS 0x0000000083700000, 0x0000000083700000| Untracked 
|  30|0x0000000083800000, 0x0000000083800000, 0x0000000083900000|  0%| F|  |TAMS 0x0000000083800000, 0x0000000083800000| Untracked 
|  31|0x0000000083900000, 0x0000000083900000, 0x0000000083a00000|  0%| F|  |TAMS 0x0000000083900000, 0x0000000083900000| Untracked 
|  32|0x0000000083a00000, 0x0000000083a00000, 0x0000000083b00000|  0%| F|  |TAMS 0x0000000083a00000, 0x0000000083a00000| Untracked 
|  33|0x0000000083b00000, 0x0000000083b00000, 0x0000000083c00000|  0%| F|  |TAMS 0x0000000083b00000, 0x0000000083b00000| Untracked 
|  34|0x0000000083c00000, 0x0000000083c00000, 0x0000000083d00000|  0%| F|  |TAMS 0x0000000083c00000, 0x0000000083c00000| Untracked 
|  35|0x0000000083d00000, 0x0000000083d00000, 0x0000000083e00000|  0%| F|  |TAMS 0x0000000083d00000, 0x0000000083d00000| Untracked 
|  36|0x0000000083e00000, 0x0000000083e00000, 0x0000000083f00000|  0%| F|  |TAMS 0x0000000083e00000, 0x0000000083e00000| Untracked 
|  37|0x0000000083f00000, 0x0000000083f00000, 0x0000000084000000|  0%| F|  |TAMS 0x0000000083f00000, 0x0000000083f00000| Untracked 
|  38|0x0000000084000000, 0x0000000084000000, 0x0000000084100000|  0%| F|  |TAMS 0x0000000084000000, 0x0000000084000000| Untracked 
|  39|0x0000000084100000, 0x0000000084100000, 0x0000000084200000|  0%| F|  |TAMS 0x0000000084100000, 0x0000000084100000| Untracked 
|  40|0x0000000084200000, 0x0000000084200000, 0x0000000084300000|  0%| F|  |TAMS 0x0000000084200000, 0x0000000084200000| Untracked 
|  41|0x0000000084300000, 0x0000000084300000, 0x0000000084400000|  0%| F|  |TAMS 0x0000000084300000, 0x0000000084300000| Untracked 
|  42|0x0000000084400000, 0x0000000084400000, 0x0000000084500000|  0%| F|  |TAMS 0x0000000084400000, 0x0000000084400000| Untracked 
|  43|0x0000000084500000, 0x0000000084500000, 0x0000000084600000|  0%| F|  |TAMS 0x0000000084500000, 0x0000000084500000| Untracked 
|  44|0x0000000084600000, 0x0000000084600000, 0x0000000084700000|  0%| F|  |TAMS 0x0000000084600000, 0x0000000084600000| Untracked 
|  45|0x0000000084700000, 0x0000000084700000, 0x0000000084800000|  0%| F|  |TAMS 0x0000000084700000, 0x0000000084700000| Untracked 
|  46|0x0000000084800000, 0x0000000084800000, 0x0000000084900000|  0%| F|  |TAMS 0x0000000084800000, 0x0000000084800000| Untracked 
|  47|0x0000000084900000, 0x0000000084900000, 0x0000000084a00000|  0%| F|  |TAMS 0x0000000084900000, 0x0000000084900000| Untracked 
|  48|0x0000000084a00000, 0x0000000084a00000, 0x0000000084b00000|  0%| F|  |TAMS 0x0000000084a00000, 0x0000000084a00000| Untracked 
|  49|0x0000000084b00000, 0x0000000084b00000, 0x0000000084c00000|  0%| F|  |TAMS 0x0000000084b00000, 0x0000000084b00000| Untracked 
|  50|0x0000000084c00000, 0x0000000084c00000, 0x0000000084d00000|  0%| F|  |TAMS 0x0000000084c00000, 0x0000000084c00000| Untracked 
|  51|0x0000000084d00000, 0x0000000084d00000, 0x0000000084e00000|  0%| F|  |TAMS 0x0000000084d00000, 0x0000000084d00000| Untracked 
|  52|0x0000000084e00000, 0x0000000084e00000, 0x0000000084f00000|  0%| F|  |TAMS 0x0000000084e00000, 0x0000000084e00000| Untracked 
|  53|0x0000000084f00000, 0x0000000084f00000, 0x0000000085000000|  0%| F|  |TAMS 0x0000000084f00000, 0x0000000084f00000| Untracked 
|  54|0x0000000085000000, 0x0000000085000000, 0x0000000085100000|  0%| F|  |TAMS 0x0000000085000000, 0x0000000085000000| Untracked 
|  55|0x0000000085100000, 0x0000000085100000, 0x0000000085200000|  0%| F|  |TAMS 0x0000000085100000, 0x0000000085100000| Untracked 
|  56|0x0000000085200000, 0x0000000085200000, 0x0000000085300000|  0%| F|  |TAMS 0x0000000085200000, 0x0000000085200000| Untracked 
|  57|0x0000000085300000, 0x0000000085300000, 0x0000000085400000|  0%| F|  |TAMS 0x0000000085300000, 0x0000000085300000| Untracked 
|  58|0x0000000085400000, 0x0000000085400000, 0x0000000085500000|  0%| F|  |TAMS 0x0000000085400000, 0x0000000085400000| Untracked 
|  59|0x0000000085500000, 0x0000000085500000, 0x0000000085600000|  0%| F|  |TAMS 0x0000000085500000, 0x0000000085500000| Untracked 
|  60|0x0000000085600000, 0x0000000085600000, 0x0000000085700000|  0%| F|  |TAMS 0x0000000085600000, 0x0000000085600000| Untracked 
|  61|0x0000000085700000, 0x0000000085700000, 0x0000000085800000|  0%| F|  |TAMS 0x0000000085700000, 0x0000000085700000| Untracked 
|  62|0x0000000085800000, 0x0000000085800000, 0x0000000085900000|  0%| F|  |TAMS 0x0000000085800000, 0x0000000085800000| Untracked 
|  63|0x0000000085900000, 0x0000000085900000, 0x0000000085a00000|  0%| F|  |TAMS 0x0000000085900000, 0x0000000085900000| Untracked 
|  64|0x0000000085a00000, 0x0000000085a00000, 0x0000000085b00000|  0%| F|  |TAMS 0x0000000085a00000, 0x0000000085a00000| Untracked 
|  65|0x0000000085b00000, 0x0000000085b00000, 0x0000000085c00000|  0%| F|  |TAMS 0x0000000085b00000, 0x0000000085b00000| Untracked 
|  66|0x0000000085c00000, 0x0000000085c00000, 0x0000000085d00000|  0%| F|  |TAMS 0x0000000085c00000, 0x0000000085c00000| Untracked 
|  67|0x0000000085d00000, 0x0000000085d00000, 0x0000000085e00000|  0%| F|  |TAMS 0x0000000085d00000, 0x0000000085d00000| Untracked 
|  68|0x0000000085e00000, 0x0000000085e00000, 0x0000000085f00000|  0%| F|  |TAMS 0x0000000085e00000, 0x0000000085e00000| Untracked 
|  69|0x0000000085f00000, 0x0000000085f00000, 0x0000000086000000|  0%| F|  |TAMS 0x0000000085f00000, 0x0000000085f00000| Untracked 
|  70|0x0000000086000000, 0x0000000086000000, 0x0000000086100000|  0%| F|  |TAMS 0x0000000086000000, 0x0000000086000000| Untracked 
|  71|0x0000000086100000, 0x0000000086100000, 0x0000000086200000|  0%| F|  |TAMS 0x0000000086100000, 0x0000000086100000| Untracked 
|  72|0x0000000086200000, 0x0000000086200000, 0x0000000086300000|  0%| F|  |TAMS 0x0000000086200000, 0x0000000086200000| Untracked 
|  73|0x0000000086300000, 0x0000000086300000, 0x0000000086400000|  0%| F|  |TAMS 0x0000000086300000, 0x0000000086300000| Untracked 
|  74|0x0000000086400000, 0x0000000086400000, 0x0000000086500000|  0%| F|  |TAMS 0x0000000086400000, 0x0000000086400000| Untracked 
|  75|0x0000000086500000, 0x0000000086500000, 0x0000000086600000|  0%| F|  |TAMS 0x0000000086500000, 0x0000000086500000| Untracked 
|  76|0x0000000086600000, 0x0000000086600000, 0x0000000086700000|  0%| F|  |TAMS 0x0000000086600000, 0x0000000086600000| Untracked 
|  77|0x0000000086700000, 0x0000000086700000, 0x0000000086800000|  0%| F|  |TAMS 0x0000000086700000, 0x0000000086700000| Untracked 
|  78|0x0000000086800000, 0x0000000086800000, 0x0000000086900000|  0%| F|  |TAMS 0x0000000086800000, 0x0000000086800000| Untracked 
|  79|0x0000000086900000, 0x0000000086900000, 0x0000000086a00000|  0%| F|  |TAMS 0x0000000086900000, 0x0000000086900000| Untracked 
|  80|0x0000000086a00000, 0x0000000086a00000, 0x0000000086b00000|  0%| F|  |TAMS 0x0000000086a00000, 0x0000000086a00000| Untracked 
|  81|0x0000000086b00000, 0x0000000086b00000, 0x0000000086c00000|  0%| F|  |TAMS 0x0000000086b00000, 0x0000000086b00000| Untracked 
|  82|0x0000000086c00000, 0x0000000086c00000, 0x0000000086d00000|  0%| F|  |TAMS 0x0000000086c00000, 0x0000000086c00000| Untracked 
|  83|0x0000000086d00000, 0x0000000086d00000, 0x0000000086e00000|  0%| F|  |TAMS 0x0000000086d00000, 0x0000000086d00000| Untracked 
|  84|0x0000000086e00000, 0x0000000086e00000, 0x0000000086f00000|  0%| F|  |TAMS 0x0000000086e00000, 0x0000000086e00000| Untracked 
|  85|0x0000000086f00000, 0x0000000086f00000, 0x0000000087000000|  0%| F|  |TAMS 0x0000000086f00000, 0x0000000086f00000| Untracked 
|  86|0x0000000087000000, 0x0000000087000000, 0x0000000087100000|  0%| F|  |TAMS 0x0000000087000000, 0x0000000087000000| Untracked 
|  87|0x0000000087100000, 0x0000000087100000, 0x0000000087200000|  0%| F|  |TAMS 0x0000000087100000, 0x0000000087100000| Untracked 
|  88|0x0000000087200000, 0x0000000087200000, 0x0000000087300000|  0%| F|  |TAMS 0x0000000087200000, 0x0000000087200000| Untracked 
|  89|0x0000000087300000, 0x0000000087300000, 0x0000000087400000|  0%| F|  |TAMS 0x0000000087300000, 0x0000000087300000| Untracked 
|  90|0x0000000087400000, 0x0000000087400000, 0x0000000087500000|  0%| F|  |TAMS 0x0000000087400000, 0x0000000087400000| Untracked 
|  91|0x0000000087500000, 0x0000000087500000, 0x0000000087600000|  0%| F|  |TAMS 0x0000000087500000, 0x0000000087500000| Untracked 
|  92|0x0000000087600000, 0x0000000087600000, 0x0000000087700000|  0%| F|  |TAMS 0x0000000087600000, 0x0000000087600000| Untracked 
|  93|0x0000000087700000, 0x0000000087700000, 0x0000000087800000|  0%| F|  |TAMS 0x0000000087700000, 0x0000000087700000| Untracked 
|  94|0x0000000087800000, 0x0000000087800000, 0x0000000087900000|  0%| F|  |TAMS 0x0000000087800000, 0x0000000087800000| Untracked 
|  95|0x0000000087900000, 0x0000000087900000, 0x0000000087a00000|  0%| F|  |TAMS 0x0000000087900000, 0x0000000087900000| Untracked 
|  96|0x0000000087a00000, 0x0000000087a00000, 0x0000000087b00000|  0%| F|  |TAMS 0x0000000087a00000, 0x0000000087a00000| Untracked 
|  97|0x0000000087b00000, 0x0000000087b00000, 0x0000000087c00000|  0%| F|  |TAMS 0x0000000087b00000, 0x0000000087b00000| Untracked 
|  98|0x0000000087c00000, 0x0000000087c00000, 0x0000000087d00000|  0%| F|  |TAMS 0x0000000087c00000, 0x0000000087c00000| Untracked 
|  99|0x0000000087d00000, 0x0000000087d00000, 0x0000000087e00000|  0%| F|  |TAMS 0x0000000087d00000, 0x0000000087d00000| Untracked 
| 100|0x0000000087e00000, 0x0000000087e00000, 0x0000000087f00000|  0%| F|  |TAMS 0x0000000087e00000, 0x0000000087e00000| Untracked 
| 101|0x0000000087f00000, 0x0000000087f00000, 0x0000000088000000|  0%| F|  |TAMS 0x0000000087f00000, 0x0000000087f00000| Untracked 
| 102|0x0000000088000000, 0x0000000088000000, 0x0000000088100000|  0%| F|  |TAMS 0x0000000088000000, 0x0000000088000000| Untracked 
| 103|0x0000000088100000, 0x0000000088100000, 0x0000000088200000|  0%| F|  |TAMS 0x0000000088100000, 0x0000000088100000| Untracked 
| 104|0x0000000088200000, 0x0000000088200000, 0x0000000088300000|  0%| F|  |TAMS 0x0000000088200000, 0x0000000088200000| Untracked 
| 105|0x0000000088300000, 0x0000000088300000, 0x0000000088400000|  0%| F|  |TAMS 0x0000000088300000, 0x0000000088300000| Untracked 
| 106|0x0000000088400000, 0x0000000088400000, 0x0000000088500000|  0%| F|  |TAMS 0x0000000088400000, 0x0000000088400000| Untracked 
| 107|0x0000000088500000, 0x0000000088500000, 0x0000000088600000|  0%| F|  |TAMS 0x0000000088500000, 0x0000000088500000| Untracked 
| 108|0x0000000088600000, 0x0000000088600000, 0x0000000088700000|  0%| F|  |TAMS 0x0000000088600000, 0x0000000088600000| Untracked 
| 109|0x0000000088700000, 0x0000000088700000, 0x0000000088800000|  0%| F|  |TAMS 0x0000000088700000, 0x0000000088700000| Untracked 
| 110|0x0000000088800000, 0x0000000088800000, 0x0000000088900000|  0%| F|  |TAMS 0x0000000088800000, 0x0000000088800000| Untracked 
| 111|0x0000000088900000, 0x0000000088900000, 0x0000000088a00000|  0%| F|  |TAMS 0x0000000088900000, 0x0000000088900000| Untracked 
| 112|0x0000000088a00000, 0x0000000088a00000, 0x0000000088b00000|  0%| F|  |TAMS 0x0000000088a00000, 0x0000000088a00000| Untracked 
| 113|0x0000000088b00000, 0x0000000088b00000, 0x0000000088c00000|  0%| F|  |TAMS 0x0000000088b00000, 0x0000000088b00000| Untracked 
| 114|0x0000000088c00000, 0x0000000088c00000, 0x0000000088d00000|  0%| F|  |TAMS 0x0000000088c00000, 0x0000000088c00000| Untracked 
| 115|0x0000000088d00000, 0x0000000088db0560, 0x0000000088e00000| 68%| S|CS|TAMS 0x0000000088d00000, 0x0000000088d00000| Complete 
| 116|0x0000000088e00000, 0x0000000088f00000, 0x0000000088f00000|100%| S|CS|TAMS 0x0000000088e00000, 0x0000000088e00000| Complete 
| 117|0x0000000088f00000, 0x0000000089000000, 0x0000000089000000|100%| S|CS|TAMS 0x0000000088f00000, 0x0000000088f00000| Complete 
| 118|0x0000000089000000, 0x0000000089100000, 0x0000000089100000|100%| S|CS|TAMS 0x0000000089000000, 0x0000000089000000| Complete 
| 119|0x0000000089100000, 0x0000000089200000, 0x0000000089200000|100%| S|CS|TAMS 0x0000000089100000, 0x0000000089100000| Complete 
| 120|0x0000000089200000, 0x0000000089200000, 0x0000000089300000|  0%| F|  |TAMS 0x0000000089200000, 0x0000000089200000| Untracked 
| 121|0x0000000089300000, 0x0000000089300000, 0x0000000089400000|  0%| F|  |TAMS 0x0000000089300000, 0x0000000089300000| Untracked 
| 122|0x0000000089400000, 0x0000000089400000, 0x0000000089500000|  0%| F|  |TAMS 0x0000000089400000, 0x0000000089400000| Untracked 
| 123|0x0000000089500000, 0x0000000089500000, 0x0000000089600000|  0%| F|  |TAMS 0x0000000089500000, 0x0000000089500000| Untracked 
| 124|0x0000000089600000, 0x0000000089600000, 0x0000000089700000|  0%| F|  |TAMS 0x0000000089600000, 0x0000000089600000| Untracked 
| 125|0x0000000089700000, 0x0000000089700000, 0x0000000089800000|  0%| F|  |TAMS 0x0000000089700000, 0x0000000089700000| Untracked 
| 126|0x0000000089800000, 0x0000000089800000, 0x0000000089900000|  0%| F|  |TAMS 0x0000000089800000, 0x0000000089800000| Untracked 
| 127|0x0000000089900000, 0x0000000089900000, 0x0000000089a00000|  0%| F|  |TAMS 0x0000000089900000, 0x0000000089900000| Untracked 

Card table byte_map: [0x000002b618310000,0x000002b618710000] _byte_map_base: 0x000002b617f03000

Marking Bits (Prev, Next): (CMBitMap*) 0x000002b67e5c4750, (CMBitMap*) 0x000002b67e5c4718
 Prev Bits: [0x000002b61aab0000, 0x000002b61ca48000)
 Next Bits: [0x000002b618b10000, 0x000002b61aaa8000)

Polling page: 0x000002b600000000

Metaspace:

Usage:
  Non-class:     30.65 MB capacity,    30.18 MB ( 98%) used,   390.59 KB (  1%) free+waste,    89.06 KB ( <1%) overhead. 
      Class:      4.29 MB capacity,     3.98 MB ( 93%) used,   270.06 KB (  6%) free+waste,    42.06 KB ( <1%) overhead. 
       Both:     34.94 MB capacity,    34.17 MB ( 98%) used,   660.65 KB (  2%) free+waste,   131.13 KB ( <1%) overhead. 

Virtual space:
  Non-class space:       32.00 MB reserved,      30.70 MB ( 96%) committed 
      Class space:        1.00 GB reserved,       4.42 MB ( <1%) committed 
             Both:        1.03 GB reserved,      35.12 MB (  3%) committed 

Chunk freelists:
   Non-Class:  5.88 KB
       Class:  3.38 KB
        Both:  9.25 KB

CodeHeap 'non-profiled nmethods': size=120000Kb used=1639Kb max_used=1639Kb free=118360Kb
 bounds [0x000002b60fd40000, 0x000002b60ffb0000, 0x000002b617270000]
CodeHeap 'profiled nmethods': size=120000Kb used=8087Kb max_used=8087Kb free=111912Kb
 bounds [0x000002b608810000, 0x000002b609000000, 0x000002b60fd40000]
CodeHeap 'non-nmethods': size=5760Kb used=1154Kb max_used=1214Kb free=4605Kb
 bounds [0x000002b608270000, 0x000002b6084e0000, 0x000002b608810000]
 total_blobs=4667 nmethods=3376 adapters=393
 compilation: enabled
              stopped_count=0, restarted_count=0
 full_count=0

Compilation events (10 events):
Event: 2.540 Thread 0x000002b620017800 3416       3       java.util.Collections$UnmodifiableMap$UnmodifiableEntrySet$UnmodifiableEntry::getKey (10 bytes)
Event: 2.540 Thread 0x000002b620017800 nmethod 3416 0x000002b608ff4a10 code [0x000002b608ff4be0, 0x000002b608ff4e10]
Event: 2.543 Thread 0x000002b620017800 3418       3       java.util.Properties::load0 (250 bytes)
Event: 2.544 Thread 0x000002b620017800 nmethod 3418 0x000002b608ff4f10 code [0x000002b608ff5160, 0x000002b608ff5e20]
Event: 2.544 Thread 0x000002b620017800 3419       3       java.nio.charset.CoderResult::isUnderflow (13 bytes)
Event: 2.544 Thread 0x000002b620017800 nmethod 3419 0x000002b608ff6210 code [0x000002b608ff63c0, 0x000002b608ff6578]
Event: 2.544 Thread 0x000002b6207e2800 nmethod 3399 0x000002b60fed6510 code [0x000002b60fed6700, 0x000002b60fed7988]
Event: 2.544 Thread 0x000002b6207e2800 3417 %     4       java.util.Properties$LineReader::readLine @ 308 (585 bytes)
Event: 2.560 Thread 0x000002b620014800 nmethod 3400 0x000002b60fed8110 code [0x000002b60fed8300, 0x000002b60fed9698]
Event: 2.560 Thread 0x000002b620014800 3420       4       java.util.Properties::loadConvert (505 bytes)

GC Heap History (9 events):
Event: 0.572 GC heap before
{Heap before GC invocations=0 (full 0):
 garbage-first heap   total 131072K, used 24576K [0x0000000081a00000, 0x0000000100000000)
  region size 1024K, 24 young (24576K), 0 survivors (0K)
 Metaspace       used 12087K, capacity 12334K, committed 12544K, reserved 1060864K
  class space    used 1184K, capacity 1260K, committed 1280K, reserved 1048576K
}
Event: 0.575 GC heap after
{Heap after GC invocations=1 (full 0):
 garbage-first heap   total 131072K, used 6047K [0x0000000081a00000, 0x0000000100000000)
  region size 1024K, 3 young (3072K), 3 survivors (3072K)
 Metaspace       used 12087K, capacity 12334K, committed 12544K, reserved 1060864K
  class space    used 1184K, capacity 1260K, committed 1280K, reserved 1048576K
}
Event: 0.934 GC heap before
{Heap before GC invocations=1 (full 0):
 garbage-first heap   total 131072K, used 47007K [0x0000000081a00000, 0x0000000100000000)
  region size 1024K, 44 young (45056K), 3 survivors (3072K)
 Metaspace       used 20725K, capacity 21127K, committed 21296K, reserved 1069056K
  class space    used 2394K, capacity 2564K, committed 2608K, reserved 1048576K
}
Event: 0.939 GC heap after
{Heap after GC invocations=2 (full 0):
 garbage-first heap   total 131072K, used 8234K [0x0000000081a00000, 0x0000000100000000)
  region size 1024K, 6 young (6144K), 6 survivors (6144K)
 Metaspace       used 20725K, capacity 21127K, committed 21296K, reserved 1069056K
  class space    used 2394K, capacity 2564K, committed 2608K, reserved 1048576K
}
Event: 1.435 GC heap before
{Heap before GC invocations=3 (full 0):
 garbage-first heap   total 131072K, used 50218K [0x0000000081a00000, 0x0000000100000000)
  region size 1024K, 47 young (48128K), 6 survivors (6144K)
 Metaspace       used 28588K, capacity 29151K, committed 29436K, reserved 1075200K
  class space    used 3312K, capacity 3560K, committed 3632K, reserved 1048576K
}
Event: 1.454 GC heap after
{Heap after GC invocations=4 (full 0):
 garbage-first heap   total 131072K, used 10499K [0x0000000081a00000, 0x0000000100000000)
  region size 1024K, 5 young (5120K), 5 survivors (5120K)
 Metaspace       used 28588K, capacity 29151K, committed 29436K, reserved 1075200K
  class space    used 3312K, capacity 3560K, committed 3632K, reserved 1048576K
}
Event: 2.441 GC heap before
{Heap before GC invocations=4 (full 0):
 garbage-first heap   total 131072K, used 66819K [0x0000000081a00000, 0x0000000100000000)
  region size 1024K, 60 young (61440K), 5 survivors (5120K)
 Metaspace       used 34084K, capacity 34972K, committed 35068K, reserved 1079296K
  class space    used 3968K, capacity 4314K, committed 4400K, reserved 1048576K
}
Event: 2.447 GC heap after
{Heap after GC invocations=5 (full 0):
 garbage-first heap   total 131072K, used 13607K [0x0000000081a00000, 0x0000000100000000)
  region size 1024K, 8 young (8192K), 8 survivors (8192K)
 Metaspace       used 34084K, capacity 34972K, committed 35068K, reserved 1079296K
  class space    used 3968K, capacity 4314K, committed 4400K, reserved 1048576K
}
Event: 2.562 GC heap before
{Heap before GC invocations=5 (full 0):
 garbage-first heap   total 131072K, used 20775K [0x0000000081a00000, 0x0000000100000000)
  region size 1024K, 16 young (16384K), 8 survivors (8192K)
 Metaspace       used 34986K, capacity 35778K, committed 35964K, reserved 1081344K
  class space    used 4076K, capacity 4389K, committed 4528K, reserved 1048576K
}

Deoptimization events (10 events):
Event: 2.433 Thread 0x000002b62125b000 Uncommon trap: reason=unstable_if action=reinterpret pc=0x000002b60fe6e09c method=org.springframework.util.ConcurrentReferenceHashMap$Segment.findInChain(Lorg/springframework/util/ConcurrentReferenceHashMap$Reference;Ljava/lang/Object;I)Lorg/springframewo
Event: 2.448 Thread 0x000002b62125b000 Uncommon trap: reason=intrinsic_or_type_checked_inlining action=make_not_entrant pc=0x000002b60fec43f8 method=java.util.Arrays.copyOf([Ljava/lang/Object;ILjava/lang/Class;)[Ljava/lang/Object; @ 35 c2
Event: 2.502 Thread 0x000002b62125b000 Uncommon trap: reason=bimorphic_or_optimized_type_check action=maybe_recompile pc=0x000002b60fece2f8 method=org.springframework.beans.factory.support.AbstractAutowireCapableBeanFactory.predictBeanType(Ljava/lang/String;Lorg/springframework/beans/factory/s
Event: 2.502 Thread 0x000002b62125b000 Uncommon trap: reason=bimorphic_or_optimized_type_check action=maybe_recompile pc=0x000002b60fece2f8 method=org.springframework.beans.factory.support.AbstractAutowireCapableBeanFactory.predictBeanType(Ljava/lang/String;Lorg/springframework/beans/factory/s
Event: 2.502 Thread 0x000002b62125b000 Uncommon trap: reason=bimorphic_or_optimized_type_check action=maybe_recompile pc=0x000002b60fece2f8 method=org.springframework.beans.factory.support.AbstractAutowireCapableBeanFactory.predictBeanType(Ljava/lang/String;Lorg/springframework/beans/factory/s
Event: 2.502 Thread 0x000002b62125b000 Uncommon trap: reason=bimorphic_or_optimized_type_check action=maybe_recompile pc=0x000002b60fece2f8 method=org.springframework.beans.factory.support.AbstractAutowireCapableBeanFactory.predictBeanType(Ljava/lang/String;Lorg/springframework/beans/factory/s
Event: 2.518 Thread 0x000002b62125b000 Uncommon trap: reason=unstable_if action=reinterpret pc=0x000002b60fec5120 method=org.springframework.asm.MethodWriter.visitInsn(I)V @ 100 c2
Event: 2.526 Thread 0x000002b62125b000 Uncommon trap: reason=unstable_if action=reinterpret pc=0x000002b60fe6f5e0 method=org.springframework.util.ConcurrentReferenceHashMap$Segment.findInChain(Lorg/springframework/util/ConcurrentReferenceHashMap$Reference;Ljava/lang/Object;I)Lorg/springframewo
Event: 2.551 Thread 0x000002b62125b000 Uncommon trap: reason=unstable_if action=reinterpret pc=0x000002b60fe81b7c method=java.io.WinNTFileSystem.resolve(Ljava/lang/String;Ljava/lang/String;)Ljava/lang/String; @ 156 c2
Event: 2.551 Thread 0x000002b62125b000 Uncommon trap: reason=unstable_if action=reinterpret pc=0x000002b60fe9c330 method=java.io.WinNTFileSystem.prefixLength(Ljava/lang/String;)I @ 42 c2

Classes redefined (0 events):
No events

Internal exceptions (10 events):
Event: 2.498 Thread 0x000002b62125b000 Exception <a 'java/lang/ClassNotFoundException'{0x000000008966d7e8}: org/springframework/aop/framework/AopInfrastructureBeanCustomizer> (0x000000008966d7e8) thrown at [t:/workspace/open/src/hotspot/share/classfile/systemDictionary.cpp, line 231]
Event: 2.505 Thread 0x000002b62125b000 Exception <a 'java/lang/ClassNotFoundException'{0x00000000896b7278}: java/lang/ObjectCustomizer> (0x00000000896b7278) thrown at [t:/workspace/open/src/hotspot/share/classfile/systemDictionary.cpp, line 231]
Event: 2.506 Thread 0x000002b62125b000 Exception <a 'java/lang/ClassNotFoundException'{0x00000000896cb6f8}: org/springframework/transaction/annotation/AbstractTransactionManagementConfigurationCustomizer> (0x00000000896cb6f8) thrown at [t:/workspace/open/src/hotspot/share/classfile/systemDicti
Event: 2.506 Thread 0x000002b62125b000 Exception <a 'java/lang/ClassNotFoundException'{0x00000000896df3c0}: org/springframework/transaction/annotation/ProxyTransactionManagementConfigurationCustomizer> (0x00000000896df3c0) thrown at [t:/workspace/open/src/hotspot/share/classfile/systemDictiona
Event: 2.507 Thread 0x000002b62125b000 Exception <a 'java/lang/ClassNotFoundException'{0x00000000896f6970}: org/springframework/transaction/annotation/ProxyTransactionManagementConfiguration$$EnhancerBySpringCGLIB$$812777b0Customizer> (0x00000000896f6970) thrown at [t:/workspace/open/src/hotsp
Event: 2.508 Thread 0x000002b62125b000 Exception <a 'java/lang/ClassNotFoundException'{0x0000000089510818}: org/springframework/context/annotation/ConfigurationClassEnhancer$EnhancedConfigurationCustomizer> (0x0000000089510818) thrown at [t:/workspace/open/src/hotspot/share/classfile/systemDic
Event: 2.508 Thread 0x000002b62125b000 Exception <a 'java/lang/ClassNotFoundException'{0x000000008951e318}: org/springframework/beans/factory/BeanFactoryAwareCustomizer> (0x000000008951e318) thrown at [t:/workspace/open/src/hotspot/share/classfile/systemDictionary.cpp, line 231]
Event: 2.508 Thread 0x000002b62125b000 Exception <a 'java/lang/ClassNotFoundException'{0x000000008952b428}: org/springframework/beans/factory/AwareCustomizer> (0x000000008952b428) thrown at [t:/workspace/open/src/hotspot/share/classfile/systemDictionary.cpp, line 231]
Event: 2.509 Thread 0x000002b62125b000 Exception <a 'java/lang/ClassNotFoundException'{0x0000000089538ca0}: org/springframework/context/annotation/ImportAwareCustomizer> (0x0000000089538ca0) thrown at [t:/workspace/open/src/hotspot/share/classfile/systemDictionary.cpp, line 231]
Event: 2.510 Thread 0x000002b62125b000 Exception <a 'java/lang/ClassNotFoundException'{0x0000000089545cf8}: org/springframework/beans/factory/AwareCustomizer> (0x0000000089545cf8) thrown at [t:/workspace/open/src/hotspot/share/classfile/systemDictionary.cpp, line 231]

Events (10 events):
Event: 2.559 loading class org/apache/catalina/util/LifecycleMBeanBase done
Event: 2.559 loading class org/apache/catalina/JmxEnabled
Event: 2.559 loading class org/apache/catalina/JmxEnabled done
Event: 2.559 loading class org/apache/catalina/util/LifecycleBase
Event: 2.559 loading class org/apache/catalina/util/LifecycleBase done
Event: 2.560 loading class org/springframework/boot/web/embedded/tomcat/TomcatEmbeddedContext
Event: 2.560 loading class org/springframework/boot/web/embedded/tomcat/TomcatEmbeddedContext done
Event: 2.560 loading class org/apache/catalina/core/StandardContext
Event: 2.560 loading class org/apache/catalina/core/StandardContext done
Event: 2.562 Executing VM operation: CollectForMetadataAllocation


Dynamic libraries:
0x00007ff693870000 - 0x00007ff6938b7000 	F:\jdk-11.0.2\bin\java.exe
0x00007ffadb080000 - 0x00007ffadb250000 	C:\Windows\SYSTEM32\ntdll.dll
0x00007ffad8610000 - 0x00007ffad86bb000 	C:\Windows\System32\KERNEL32.DLL
0x00007ffad7690000 - 0x00007ffad78ad000 	C:\Windows\System32\KERNELBASE.dll
0x00007ffad90b0000 - 0x00007ffad9152000 	C:\Windows\System32\ADVAPI32.dll
0x00007ffadab30000 - 0x00007ffadabce000 	C:\Windows\System32\msvcrt.dll
0x00007ffad9500000 - 0x00007ffad9559000 	C:\Windows\System32\sechost.dll
0x00007ffad8b00000 - 0x00007ffad8c21000 	C:\Windows\System32\RPCRT4.dll
0x00007ffadada0000 - 0x00007ffadaf05000 	C:\Windows\System32\USER32.dll
0x00007ffad85f0000 - 0x00007ffad860e000 	C:\Windows\System32\win32u.dll
0x00007ffad9560000 - 0x00007ffad9594000 	C:\Windows\System32\GDI32.dll
0x00007ffad83c0000 - 0x00007ffad8541000 	C:\Windows\System32\gdi32full.dll
0x00007ffad40d0000 - 0x00007ffad40da000 	C:\Windows\SYSTEM32\VERSION.dll
0x00007ffac3a40000 - 0x00007ffac3cba000 	C:\Windows\WinSxS\amd64_microsoft.windows.common-controls_6595b64144ccf1df_6.0.14393.2848_none_7ddecd5e83436d8c\COMCTL32.dll
0x00007ffad9220000 - 0x00007ffad94e5000 	C:\Windows\System32\combase.dll
0x00007ffad7b30000 - 0x00007ffad7c24000 	C:\Windows\System32\ucrtbase.dll
0x00007ffad7570000 - 0x00007ffad75da000 	C:\Windows\System32\bcryptPrimitives.dll
0x00007ffadabd0000 - 0x00007ffadabfe000 	C:\Windows\System32\IMM32.DLL
0x00007ffac2730000 - 0x00007ffac2746000 	F:\jdk-11.0.2\bin\vcruntime140.dll
0x00007ffaaaec0000 - 0x00007ffaaaf6a000 	F:\jdk-11.0.2\bin\msvcp140.dll
0x00007ffa9bf00000 - 0x00007ffa9ca27000 	F:\jdk-11.0.2\bin\server\jvm.dll
0x00007ffad86c0000 - 0x00007ffad86c8000 	C:\Windows\System32\PSAPI.DLL
0x00007ffad54f0000 - 0x00007ffad5513000 	C:\Windows\SYSTEM32\WINMM.dll
0x00007ffac7410000 - 0x00007ffac7419000 	C:\Windows\SYSTEM32\WSOCK32.dll
0x00007ffad8ea0000 - 0x00007ffad8f0a000 	C:\Windows\System32\WS2_32.dll
0x00007ffad5490000 - 0x00007ffad54bb000 	C:\Windows\SYSTEM32\WINMMBASE.dll
0x00007ffad7c30000 - 0x00007ffad7c72000 	C:\Windows\System32\cfgmgr32.dll
0x00007ffad74e0000 - 0x00007ffad74ef000 	C:\Windows\System32\kernel.appcore.dll
0x00007ffac25d0000 - 0x00007ffac25e1000 	F:\jdk-11.0.2\bin\verify.dll
0x00007ffacbb20000 - 0x00007ffacbcb2000 	C:\Windows\SYSTEM32\DBGHELP.DLL
0x00007ffacbf30000 - 0x00007ffacbf59000 	C:\Windows\SYSTEM32\dbgcore.DLL
0x00007ffab5a40000 - 0x00007ffab5a69000 	F:\jdk-11.0.2\bin\java.dll
0x00007ffabad70000 - 0x00007ffabad9f000 	F:\jdk-11.0.2\bin\instrument.dll
0x00007ffabd2b0000 - 0x00007ffabd2c6000 	F:\jdk-11.0.2\bin\zip.dll
0x00007ffac3310000 - 0x00007ffac331a000 	F:\jdk-11.0.2\bin\jimage.dll
0x00007ffad95a0000 - 0x00007ffadaaa5000 	C:\Windows\System32\SHELL32.dll
0x00007ffad7ce0000 - 0x00007ffad83b9000 	C:\Windows\System32\windows.storage.dll
0x00007ffad7510000 - 0x00007ffad755c000 	C:\Windows\System32\powrprof.dll
0x00007ffadaab0000 - 0x00007ffadab02000 	C:\Windows\System32\shlwapi.dll
0x00007ffad75e0000 - 0x00007ffad7689000 	C:\Windows\System32\shcore.dll
0x00007ffad74f0000 - 0x00007ffad7504000 	C:\Windows\System32\profapi.dll
0x00007ffab53c0000 - 0x00007ffab53d9000 	F:\jdk-11.0.2\bin\net.dll
0x00007ffacf210000 - 0x00007ffacf2dc000 	C:\Windows\SYSTEM32\WINHTTP.dll
0x00007ffacd9c0000 - 0x00007ffacdb82000 	C:\Windows\SYSTEM32\urlmon.dll
0x00007ffaccf40000 - 0x00007ffacd1f0000 	C:\Windows\SYSTEM32\iertutil.dll
0x00007ffad6de0000 - 0x00007ffad6e3c000 	C:\Windows\system32\mswsock.dll
0x00007ffab4e40000 - 0x00007ffab4e53000 	F:\jdk-11.0.2\bin\nio.dll
0x00007ffacb3d0000 - 0x00007ffacb3ea000 	D:\IntelliJ IDEA 2018.3.5\bin\breakgen64.dll
0x00007ffac26e0000 - 0x00007ffac26e9000 	F:\jdk-11.0.2\bin\management.dll
0x00007ffac2250000 - 0x00007ffac225c000 	F:\jdk-11.0.2\bin\management_ext.dll
0x00007ffabfa80000 - 0x00007ffabfa96000 	C:\Windows\system32\napinsp.dll
0x00007ffabd890000 - 0x00007ffabd8aa000 	C:\Windows\system32\pnrpnsp.dll
0x00007ffad5250000 - 0x00007ffad5268000 	C:\Windows\system32\NLAapi.dll
0x00007ffad6ba0000 - 0x00007ffad6c41000 	C:\Windows\SYSTEM32\DNSAPI.dll
0x00007ffad94f0000 - 0x00007ffad94f8000 	C:\Windows\System32\NSI.dll
0x00007ffad6b60000 - 0x00007ffad6b98000 	C:\Windows\SYSTEM32\IPHLPAPI.DLL
0x00007ffabfa70000 - 0x00007ffabfa7e000 	C:\Windows\System32\winrnr.dll
0x00007ffabd870000 - 0x00007ffabd885000 	C:\Windows\System32\wshbth.dll
0x00007ffacf060000 - 0x00007ffacf06a000 	C:\Windows\System32\rasadhlp.dll
0x00007ffacfc50000 - 0x00007ffacfcba000 	C:\Windows\System32\fwpuclnt.dll
0x00007ffad7090000 - 0x00007ffad70bb000 	C:\Windows\SYSTEM32\bcrypt.dll

dbghelp: loaded successfully - version: 4.0.5 - missing functions: none
symbol engine: initialized successfully - sym options: 0x614 - pdb path: .;F:\jdk-11.0.2\bin;C:\Windows\SYSTEM32;C:\Windows\WinSxS\amd64_microsoft.windows.common-controls_6595b64144ccf1df_6.0.14393.2848_none_7ddecd5e83436d8c;F:\jdk-11.0.2\bin\server;D:\IntelliJ IDEA 2018.3.5\bin

VM Arguments:
jvm_args: -javaagent:D:\IntelliJ IDEA 2018.3.5\lib\idea_rt.jar=62023:D:\IntelliJ IDEA 2018.3.5\bin -Dfile.encoding=UTF-8 
java_command: com.example.demo.DemoApplication
java_class_path (initial): F:\IDEAprogram\GarmentMall-1.2\GarmentMall-1.1-master\target\classes;C:\Users\Administrator\.m2\repository\org\springframework\boot\spring-boot-starter-thymeleaf\2.1.6.RELEASE\spring-boot-starter-thymeleaf-2.1.6.RELEASE.jar;C:\Users\Administrator\.m2\repository\org\springframework\boot\spring-boot-starter\2.1.6.RELEASE\spring-boot-starter-2.1.6.RELEASE.jar;C:\Users\Administrator\.m2\repository\org\springframework\boot\spring-boot-starter-logging\2.1.6.RELEASE\spring-boot-starter-logging-2.1.6.RELEASE.jar;C:\Users\Administrator\.m2\repository\ch\qos\logback\logback-classic\1.2.3\logback-classic-1.2.3.jar;C:\Users\Administrator\.m2\repository\ch\qos\logback\logback-core\1.2.3\logback-core-1.2.3.jar;C:\Users\Administrator\.m2\repository\org\apache\logging\log4j\log4j-to-slf4j\2.11.2\log4j-to-slf4j-2.11.2.jar;C:\Users\Administrator\.m2\repository\org\apache\logging\log4j\log4j-api\2.11.2\log4j-api-2.11.2.jar;C:\Users\Administrator\.m2\repository\org\slf4j\jul-to-slf4j\1.7.26\jul-to-slf4j-1.7.26.jar;C:\Users\Administrator\.m2\repository\org\yaml\snakeyaml\1.23\snakeyaml-1.23.jar;C:\Users\Administrator\.m2\repository\org\thymeleaf\thymeleaf-spring5\3.0.11.RELEASE\thymeleaf-spring5-3.0.11.RELEASE.jar;C:\Users\Administrator\.m2\repository\org\thymeleaf\thymeleaf\3.0.11.RELEASE\thymeleaf-3.0.11.RELEASE.jar;C:\Users\Administrator\.m2\repository\org\attoparser\attoparser\2.0.5.RELEASE\attoparser-2.0.5.RELEASE.jar;C:\Users\Administrator\.m2\repository\org\unbescape\unbescape\1.1.6.RELEASE\unbescape-1.1.6.RELEASE.jar;C:\Users\Administrator\.m2\repository\org\thymeleaf\extras\thymeleaf-extras-java8time\3.0.4.RELEASE\thymeleaf-extras-java8time-3.0.4.RELEASE.jar;C:\Users\Administrator\.m2\repository\org\springframework\boot\spring-boot-devtools\2.1.6.RELEASE\spring-boot-devtools-2.1.6.RELEASE.jar;C:\Users\Administrator\.m2\repository\org\springframework\boot\spring-boot\2.1.6.RELEASE\spring-boot-2.1.6.RELEASE.jar;C:\Users\Administrator\.m2\repository\or
Launcher Type: SUN_STANDARD

[Global flags]
     intx CICompilerCount                          = 4                                         {product} {ergonomic}
     uint ConcGCThreads                            = 3                                         {product} {ergonomic}
     uint G1ConcRefinementThreads                  = 10                                        {product} {ergonomic}
   size_t G1HeapRegionSize                         = 1048576                                   {product} {ergonomic}
    uintx GCDrainStackTargetSize                   = 64                                        {product} {ergonomic}
   size_t InitialHeapSize                          = 134217728                                 {product} {ergonomic}
   size_t MarkStackSize                            = 4194304                                   {product} {ergonomic}
   size_t MaxHeapSize                              = 2120220672                                {product} {ergonomic}
   size_t MaxNewSize                               = 1271922688                                {product} {ergonomic}
   size_t MinHeapDeltaBytes                        = 1048576                                   {product} {ergonomic}
    uintx NonNMethodCodeHeapSize                   = 5835340                                {pd product} {ergonomic}
    uintx NonProfiledCodeHeapSize                  = 122911450                              {pd product} {ergonomic}
    uintx ProfiledCodeHeapSize                     = 122911450                              {pd product} {ergonomic}
    uintx ReservedCodeCacheSize                    = 251658240                              {pd product} {ergonomic}
     bool SegmentedCodeCache                       = true                                      {product} {ergonomic}
     bool UseCompressedClassPointers               = true                                 {lp64_product} {ergonomic}
     bool UseCompressedOops                        = true                                 {lp64_product} {ergonomic}
     bool UseG1GC                                  = true                                      {product} {ergonomic}
     bool UseLargePagesIndividualAllocation        = false                                  {pd product} {ergonomic}

Logging:
Log output configuration:
 #0: stdout all=warning uptime,level,tags
 #1: stderr all=off uptime,level,tags

Environment Variables:
JAVA_HOME=F:\jdk-11.0.2
CLASSPATH=F:\jdk-11.0.2;F:\jdk-11.0.2\jre\lib;D:\apache-tomcat-7.0.94\lib\servlet-api.jar
PATH=C:\ProgramData\Oracle\Java\javapath;D:\OracleDatabase\oraclStartUp\bin;D:\Anaconda;D:\Anaconda\Library\mingw-w64\bin;D:\Anaconda\Library\usr\bin;D:\Anaconda\Library\bin;D:\Anaconda\Scripts;C:\Windows\system32;C:\Windows;C:\Windows\System32\Wbem;C:\Windows\System32\WindowsPowerShell\v1.0\;C:\Program Files (x86)\NVIDIA Corporation\PhysX\Common;C:\Program Files\NVIDIA Corporation\NVIDIA NvDLISR;C:\Program Files\Git\cmd;D:\mysql-5.7.25-winx64\bin;C:\Program Files (x86)\GtkSharp\2.12\bin;D:\apache-maven-3.6.1/bin;D:\NodeJs\;F:\python3.7\Scripts\;F:\python3.7\;C:\Users\Administrator\AppData\Local\Microsoft\WindowsApps;F:\jdk-11.0.2\bin;G:\IntelliJ IDEA Community Edition 2018.3.5\bin;;F:\apache-ant-1.9.4\bin;F:\apache-ant-1.9.4\lib;C:\Users\Administrator\AppData\Roaming\npm
USERNAME=Administrator
OS=Windows_NT
PROCESSOR_IDENTIFIER=Intel64 Family 6 Model 158 Stepping 10, GenuineIntel



---------------  S Y S T E M  ---------------

OS: Windows 10 , 64 bit Build 14393 (10.0.14393.2906)

CPU:total 12 (initial active 12) (6 cores per cpu, 2 threads per core) family 6 model 158 stepping 10, cmov, cx8, fxsr, mmx, sse, sse2, sse3, ssse3, sse4.1, sse4.2, popcnt, avx, avx2, aes, clmul, erms, 3dnowpref, lzcnt, ht, tsc, tscinvbit, bmi1, bmi2, adx, fma

Memory: 4k page, system-wide physical 8082M (898M free)
TotalPageFile size 20856M (AvailPageFile size 14M)
current process WorkingSet (physical memory assigned to process): 215M, peak: 215M
current process commit charge ("private bytes"): 311M, peak: 337M

vm_info: Java HotSpot(TM) 64-Bit Server VM (11.0.2+9-LTS) for windows-amd64 JRE (11.0.2+9-LTS), built on Jan 18 2019 05:24:10 by "mach5one" with MS VC++ 15.5 (VS2017)

END.
